<?xml version="1.0" encoding="UTF-8"?>
<!-- Generated by org.testng.reporters.JUnitReportReporter -->
<testsuite hostname="windows7-64bit" name="org.persistent.seleniumtests.AppTest" tests="1" failures="0" timestamp="16 Jul 2014 16:22:38 GMT" time="6.930" errors="0">
  <testcase name="loginTest" time="6.930" classname="org.persistent.seleniumtests.AppTest"/>
</testsuite> <!-- org.persistent.seleniumtests.AppTest -->
